<?xml version="1.0" encoding="UTF-8"?>
<coverage generated="1538759215088" clover="3.2.0">
  <project timestamp="1538759215088" name="All files">
    <metrics statements="89" coveredstatements="77" conditionals="38" coveredconditionals="26" methods="48" coveredmethods="41" elements="175" coveredelements="144" complexity="0" loc="89" ncloc="89" packages="3" files="8" classes="8">
      <package name="rachio">
        <metrics statements="1" coveredstatements="1" conditionals="0" coveredconditionals="0" methods="0" coveredmethods="0"/>
        <file name="APIkey.js" path="/Users/arram/code-challenges/rachio/APIkey.js">
          <metrics statements="1" coveredstatements="1" conditionals="0" coveredconditionals="0" methods="0" coveredmethods="0"/>
          <line num="1" count="5" type="stmt"/>
        </file>
      </package>
      <package name="rachio.__test__.setup">
        <metrics statements="1" coveredstatements="1" conditionals="0" coveredconditionals="0" methods="0" coveredmethods="0"/>
        <file name="setupEnzyme.js" path="/Users/arram/code-challenges/rachio/__test__/setup/setupEnzyme.js">
          <metrics statements="1" coveredstatements="1" conditionals="0" coveredconditionals="0" methods="0" coveredmethods="0"/>
          <line num="4" count="6" type="stmt"/>
        </file>
      </package>
      <package name="rachio.app">
        <metrics statements="87" coveredstatements="75" conditionals="38" coveredconditionals="26" methods="48" coveredmethods="41"/>
        <file name="App.js" path="/Users/arram/code-challenges/rachio/app/App.js">
          <metrics statements="13" coveredstatements="12" conditionals="2" coveredconditionals="2" methods="11" coveredmethods="10"/>
          <line num="11" count="11" type="stmt"/>
          <line num="12" count="11" type="stmt"/>
          <line num="20" count="5" type="stmt"/>
          <line num="26" count="4" type="stmt"/>
          <line num="27" count="4" type="stmt"/>
          <line num="28" count="1" type="stmt"/>
          <line num="32" count="3" type="stmt"/>
          <line num="38" count="2" type="stmt"/>
          <line num="39" count="2" type="stmt"/>
          <line num="40" count="1" type="stmt"/>
          <line num="44" count="18" type="stmt"/>
          <line num="45" count="18" type="stmt"/>
          <line num="58" count="0" type="stmt"/>
        </file>
        <file name="ControlForm.js" path="/Users/arram/code-challenges/rachio/app/ControlForm.js">
          <metrics statements="8" coveredstatements="7" conditionals="0" coveredconditionals="0" methods="5" coveredmethods="4"/>
          <line num="6" count="3" type="stmt"/>
          <line num="7" count="3" type="stmt"/>
          <line num="14" count="3" type="stmt"/>
          <line num="18" count="1" type="stmt"/>
          <line num="24" count="4" type="stmt"/>
          <line num="29" count="1" type="stmt"/>
          <line num="32" count="0" type="stmt"/>
          <line num="43" count="4" type="stmt"/>
        </file>
        <file name="Device.js" path="/Users/arram/code-challenges/rachio/app/Device.js">
          <metrics statements="27" coveredstatements="22" conditionals="14" coveredconditionals="9" methods="13" coveredmethods="11"/>
          <line num="9" count="7" type="stmt"/>
          <line num="10" count="7" type="stmt"/>
          <line num="15" count="7" type="stmt"/>
          <line num="16" count="7" type="stmt"/>
          <line num="20" count="2" type="stmt"/>
          <line num="22" count="2" type="cond" truecount="1" falsecount="1"/>
          <line num="23" count="0" type="stmt"/>
          <line num="25" count="2" type="stmt"/>
          <line num="27" count="2" type="stmt"/>
          <line num="29" count="4" type="stmt"/>
          <line num="36" count="2" type="stmt"/>
          <line num="44" count="1" type="stmt"/>
          <line num="46" count="0" type="cond" truecount="0" falsecount="2"/>
          <line num="47" count="0" type="stmt"/>
          <line num="49" count="0" type="stmt"/>
          <line num="50" count="0" type="stmt"/>
          <line num="54" count="2" type="stmt"/>
          <line num="58" count="2" type="stmt"/>
          <line num="59" count="1" type="stmt"/>
          <line num="61" count="2" type="cond" truecount="2" falsecount="0"/>
          <line num="62" count="1" type="stmt"/>
          <line num="64" count="1" type="stmt"/>
          <line num="68" count="1" type="stmt"/>
          <line num="75" count="8" type="stmt"/>
          <line num="77" count="16" type="stmt"/>
          <line num="83" count="18" type="stmt"/>
          <line num="105" count="3" type="stmt"/>
        </file>
        <file name="DevicesContainer.js" path="/Users/arram/code-challenges/rachio/app/DevicesContainer.js">
          <metrics statements="6" coveredstatements="4" conditionals="0" coveredconditionals="0" methods="4" coveredmethods="2"/>
          <line num="6" count="2" type="stmt"/>
          <line num="7" count="1" type="stmt"/>
          <line num="10" count="2" type="stmt"/>
          <line num="13" count="0" type="stmt"/>
          <line num="20" count="0" type="stmt"/>
          <line num="38" count="2" type="stmt"/>
        </file>
        <file name="Zone.js" path="/Users/arram/code-challenges/rachio/app/Zone.js">
          <metrics statements="29" coveredstatements="26" conditionals="22" coveredconditionals="15" methods="13" coveredmethods="12"/>
          <line num="7" count="13" type="stmt"/>
          <line num="8" count="13" type="stmt"/>
          <line num="14" count="13" type="stmt"/>
          <line num="15" count="13" type="stmt"/>
          <line num="16" count="13" type="stmt"/>
          <line num="17" count="13" type="stmt"/>
          <line num="18" count="13" type="stmt"/>
          <line num="19" count="13" type="stmt"/>
          <line num="23" count="6" type="cond" truecount="1" falsecount="1"/>
          <line num="24" count="0" type="stmt"/>
          <line num="26" count="6" type="stmt"/>
          <line num="31" count="3" type="stmt"/>
          <line num="37" count="5" type="cond" truecount="1" falsecount="1"/>
          <line num="38" count="0" type="stmt"/>
          <line num="40" count="5" type="stmt"/>
          <line num="45" count="11" type="stmt"/>
          <line num="46" count="11" type="stmt"/>
          <line num="47" count="0" type="stmt"/>
          <line num="52" count="1" type="cond" truecount="1" falsecount="1"/>
          <line num="53" count="1" type="stmt"/>
          <line num="57" count="3" type="stmt"/>
          <line num="58" count="3" type="stmt"/>
          <line num="62" count="3" type="stmt"/>
          <line num="70" count="2" type="stmt"/>
          <line num="71" count="2" type="stmt"/>
          <line num="72" count="2" type="stmt"/>
          <line num="73" count="1" type="stmt"/>
          <line num="77" count="29" type="stmt"/>
          <line num="129" count="5" type="stmt"/>
        </file>
        <file name="ZonesContainer.js" path="/Users/arram/code-challenges/rachio/app/ZonesContainer.js">
          <metrics statements="4" coveredstatements="4" conditionals="0" coveredconditionals="0" methods="2" coveredmethods="2"/>
          <line num="5" count="4" type="stmt"/>
          <line num="6" count="1" type="stmt"/>
          <line num="9" count="2" type="stmt"/>
          <line num="26" count="4" type="stmt"/>
        </file>
      </package>
    </metrics>
  </project>
</coverage>
