<?xml version="1.0" encoding="UTF-8"?>
<coverage generated="1538595455145" clover="3.2.0">
  <project timestamp="1538595455145" name="All files">
    <metrics statements="68" coveredstatements="37" conditionals="12" coveredconditionals="4" methods="44" coveredmethods="23" elements="124" coveredelements="64" complexity="0" loc="68" ncloc="68" packages="3" files="8" classes="8">
      <package name="rachio">
        <metrics statements="1" coveredstatements="1" conditionals="0" coveredconditionals="0" methods="0" coveredmethods="0"/>
        <file name="APIkey.js" path="/Users/arram/code-challenges/rachio/APIkey.js">
          <metrics statements="1" coveredstatements="1" conditionals="0" coveredconditionals="0" methods="0" coveredmethods="0"/>
          <line num="1" count="3" type="stmt"/>
        </file>
      </package>
      <package name="rachio.__test__.setup">
        <metrics statements="1" coveredstatements="1" conditionals="0" coveredconditionals="0" methods="0" coveredmethods="0"/>
        <file name="setupEnzyme.js" path="/Users/arram/code-challenges/rachio/__test__/setup/setupEnzyme.js">
          <metrics statements="1" coveredstatements="1" conditionals="0" coveredconditionals="0" methods="0" coveredmethods="0"/>
          <line num="4" count="3" type="stmt"/>
        </file>
      </package>
      <package name="rachio.app">
        <metrics statements="66" coveredstatements="35" conditionals="12" coveredconditionals="4" methods="44" coveredmethods="23"/>
        <file name="App.js" path="/Users/arram/code-challenges/rachio/app/App.js">
          <metrics statements="13" coveredstatements="12" conditionals="2" coveredconditionals="2" methods="11" coveredmethods="10"/>
          <line num="11" count="11" type="stmt"/>
          <line num="12" count="11" type="stmt"/>
          <line num="20" count="5" type="stmt"/>
          <line num="26" count="4" type="stmt"/>
          <line num="27" count="4" type="stmt"/>
          <line num="28" count="1" type="stmt"/>
          <line num="32" count="3" type="stmt"/>
          <line num="38" count="2" type="stmt"/>
          <line num="39" count="2" type="stmt"/>
          <line num="40" count="1" type="stmt"/>
          <line num="44" count="18" type="stmt"/>
          <line num="45" count="18" type="stmt"/>
          <line num="58" count="0" type="stmt"/>
        </file>
        <file name="ControlForm.js" path="/Users/arram/code-challenges/rachio/app/ControlForm.js">
          <metrics statements="7" coveredstatements="0" conditionals="0" coveredconditionals="0" methods="5" coveredmethods="0"/>
          <line num="5" count="0" type="stmt"/>
          <line num="6" count="0" type="stmt"/>
          <line num="13" count="0" type="stmt"/>
          <line num="17" count="0" type="stmt"/>
          <line num="23" count="0" type="stmt"/>
          <line num="27" count="0" type="stmt"/>
          <line num="30" count="0" type="stmt"/>
        </file>
        <file name="Device.js" path="/Users/arram/code-challenges/rachio/app/Device.js">
          <metrics statements="20" coveredstatements="19" conditionals="2" coveredconditionals="2" methods="12" coveredmethods="11"/>
          <line num="8" count="7" type="stmt"/>
          <line num="9" count="7" type="stmt"/>
          <line num="14" count="7" type="stmt"/>
          <line num="15" count="7" type="stmt"/>
          <line num="19" count="2" type="stmt"/>
          <line num="20" count="2" type="stmt"/>
          <line num="22" count="4" type="stmt"/>
          <line num="29" count="2" type="stmt"/>
          <line num="37" count="1" type="stmt"/>
          <line num="38" count="0" type="stmt"/>
          <line num="39" count="2" type="stmt"/>
          <line num="43" count="2" type="stmt"/>
          <line num="44" count="1" type="stmt"/>
          <line num="46" count="2" type="cond" truecount="2" falsecount="0"/>
          <line num="47" count="1" type="stmt"/>
          <line num="49" count="1" type="stmt"/>
          <line num="53" count="1" type="stmt"/>
          <line num="60" count="8" type="stmt"/>
          <line num="62" count="16" type="stmt"/>
          <line num="68" count="20" type="stmt"/>
        </file>
        <file name="DevicesContainer.js" path="/Users/arram/code-challenges/rachio/app/DevicesContainer.js">
          <metrics statements="5" coveredstatements="3" conditionals="0" coveredconditionals="0" methods="4" coveredmethods="2"/>
          <line num="5" count="2" type="stmt"/>
          <line num="6" count="1" type="stmt"/>
          <line num="9" count="2" type="stmt"/>
          <line num="12" count="0" type="stmt"/>
          <line num="19" count="0" type="stmt"/>
        </file>
        <file name="Zone.js" path="/Users/arram/code-challenges/rachio/app/Zone.js">
          <metrics statements="18" coveredstatements="0" conditionals="8" coveredconditionals="0" methods="10" coveredmethods="0"/>
          <line num="6" count="0" type="stmt"/>
          <line num="7" count="0" type="stmt"/>
          <line num="12" count="0" type="stmt"/>
          <line num="13" count="0" type="stmt"/>
          <line num="14" count="0" type="stmt"/>
          <line num="15" count="0" type="stmt"/>
          <line num="19" count="0" type="stmt"/>
          <line num="23" count="0" type="stmt"/>
          <line num="29" count="0" type="stmt"/>
          <line num="30" count="0" type="stmt"/>
          <line num="34" count="0" type="stmt"/>
          <line num="35" count="0" type="stmt"/>
          <line num="39" count="0" type="stmt"/>
          <line num="47" count="0" type="stmt"/>
          <line num="48" count="0" type="stmt"/>
          <line num="49" count="0" type="stmt"/>
          <line num="50" count="0" type="stmt"/>
          <line num="54" count="0" type="stmt"/>
        </file>
        <file name="ZonesContainer.js" path="/Users/arram/code-challenges/rachio/app/ZonesContainer.js">
          <metrics statements="3" coveredstatements="1" conditionals="0" coveredconditionals="0" methods="2" coveredmethods="0"/>
          <line num="4" count="3" type="stmt"/>
          <line num="5" count="0" type="stmt"/>
          <line num="8" count="0" type="stmt"/>
        </file>
      </package>
    </metrics>
  </project>
</coverage>
