{"/Users/arram/code-challenges/rachio/APIkey.js": {"path":"/Users/arram/code-challenges/rachio/APIkey.js","statementMap":{"0":{"start":{"line":1,"column":22},"end":{"line":1,"column":60}}},"fnMap":{},"branchMap":{},"s":{"0":5},"f":{},"b":{},"_coverageSchema":"332fd63041d2c1bcb487cc26dd0d5f7d97098a6c","hash":"e9d2c86455c5195a22fa473ff037f1ea69330e6d"}
,"/Users/arram/code-challenges/rachio/__test__/setup/setupEnzyme.js": {"path":"/Users/arram/code-challenges/rachio/__test__/setup/setupEnzyme.js","statementMap":{"0":{"start":{"line":4,"column":0},"end":{"line":4,"column":45}}},"fnMap":{},"branchMap":{},"s":{"0":6},"f":{},"b":{},"_coverageSchema":"332fd63041d2c1bcb487cc26dd0d5f7d97098a6c","hash":"c02b0c6c783a893aa81934c0d0f78402a4f7b51e"}
,"/Users/arram/code-challenges/rachio/app/App.js": {"path":"/Users/arram/code-challenges/rachio/app/App.js","statementMap":{"0":{"start":{"line":11,"column":4},"end":{"line":11,"column":11}},"1":{"start":{"line":12,"column":4},"end":{"line":16,"column":5}},"2":{"start":{"line":20,"column":4},"end":{"line":28,"column":62}},"3":{"start":{"line":26,"column":24},"end":{"line":26,"column":39}},"4":{"start":{"line":27,"column":22},"end":{"line":27,"column":75}},"5":{"start":{"line":28,"column":22},"end":{"line":28,"column":61}},"6":{"start":{"line":32,"column":4},"end":{"line":40,"column":62}},"7":{"start":{"line":38,"column":24},"end":{"line":38,"column":39}},"8":{"start":{"line":39,"column":22},"end":{"line":39,"column":56}},"9":{"start":{"line":40,"column":22},"end":{"line":40,"column":61}},"10":{"start":{"line":44,"column":34},"end":{"line":44,"column":53}},"11":{"start":{"line":45,"column":4},"end":{"line":67,"column":5}},"12":{"start":{"line":58,"column":16},"end":{"line":60,"column":17}}},"fnMap":{"0":{"name":"(anonymous_0)","decl":{"start":{"line":10,"column":2},"end":{"line":10,"column":3}},"loc":{"start":{"line":10,"column":16},"end":{"line":17,"column":3}},"line":10},"1":{"name":"(anonymous_1)","decl":{"start":{"line":19,"column":2},"end":{"line":19,"column":3}},"loc":{"start":{"line":19,"column":25},"end":{"line":29,"column":3}},"line":19},"2":{"name":"(anonymous_2)","decl":{"start":{"line":26,"column":12},"end":{"line":26,"column":13}},"loc":{"start":{"line":26,"column":24},"end":{"line":26,"column":39}},"line":26},"3":{"name":"(anonymous_3)","decl":{"start":{"line":27,"column":12},"end":{"line":27,"column":13}},"loc":{"start":{"line":27,"column":22},"end":{"line":27,"column":75}},"line":27},"4":{"name":"(anonymous_4)","decl":{"start":{"line":28,"column":13},"end":{"line":28,"column":14}},"loc":{"start":{"line":28,"column":22},"end":{"line":28,"column":61}},"line":28},"5":{"name":"(anonymous_5)","decl":{"start":{"line":31,"column":2},"end":{"line":31,"column":3}},"loc":{"start":{"line":31,"column":22},"end":{"line":41,"column":3}},"line":31},"6":{"name":"(anonymous_6)","decl":{"start":{"line":38,"column":12},"end":{"line":38,"column":13}},"loc":{"start":{"line":38,"column":24},"end":{"line":38,"column":39}},"line":38},"7":{"name":"(anonymous_7)","decl":{"start":{"line":39,"column":12},"end":{"line":39,"column":13}},"loc":{"start":{"line":39,"column":22},"end":{"line":39,"column":56}},"line":39},"8":{"name":"(anonymous_8)","decl":{"start":{"line":40,"column":13},"end":{"line":40,"column":14}},"loc":{"start":{"line":40,"column":22},"end":{"line":40,"column":61}},"line":40},"9":{"name":"(anonymous_9)","decl":{"start":{"line":43,"column":2},"end":{"line":43,"column":3}},"loc":{"start":{"line":43,"column":11},"end":{"line":68,"column":3}},"line":43},"10":{"name":"(anonymous_10)","decl":{"start":{"line":57,"column":22},"end":{"line":57,"column":23}},"loc":{"start":{"line":57,"column":28},"end":{"line":61,"column":15}},"line":57}},"branchMap":{"0":{"loc":{"start":{"line":47,"column":9},"end":{"line":64,"column":17}},"type":"cond-expr","locations":[{"start":{"line":48,"column":10},"end":{"line":51,"column":16}},{"start":{"line":53,"column":10},"end":{"line":64,"column":17}}],"line":47}},"s":{"0":11,"1":11,"2":5,"3":4,"4":4,"5":1,"6":3,"7":2,"8":2,"9":1,"10":18,"11":18,"12":0},"f":{"0":11,"1":5,"2":4,"3":4,"4":1,"5":3,"6":2,"7":2,"8":1,"9":18,"10":0},"b":{"0":[13,5]},"_coverageSchema":"332fd63041d2c1bcb487cc26dd0d5f7d97098a6c","hash":"4f25a86f6fb7c3fe7f316fbcc8fd0bbac964214c"}
,"/Users/arram/code-challenges/rachio/app/ControlForm.js": {"path":"/Users/arram/code-challenges/rachio/app/ControlForm.js","statementMap":{"0":{"start":{"line":5,"column":4},"end":{"line":5,"column":11}},"1":{"start":{"line":6,"column":4},"end":{"line":12,"column":5}},"2":{"start":{"line":13,"column":4},"end":{"line":13,"column":53}},"3":{"start":{"line":17,"column":4},"end":{"line":19,"column":6}},"4":{"start":{"line":23,"column":4},"end":{"line":34,"column":5}},"5":{"start":{"line":27,"column":31},"end":{"line":27,"column":81}},"6":{"start":{"line":30,"column":62},"end":{"line":30,"column":82}}},"fnMap":{"0":{"name":"(anonymous_0)","decl":{"start":{"line":4,"column":2},"end":{"line":4,"column":3}},"loc":{"start":{"line":4,"column":16},"end":{"line":14,"column":3}},"line":4},"1":{"name":"(anonymous_1)","decl":{"start":{"line":16,"column":2},"end":{"line":16,"column":3}},"loc":{"start":{"line":16,"column":18},"end":{"line":20,"column":3}},"line":16},"2":{"name":"(anonymous_2)","decl":{"start":{"line":22,"column":2},"end":{"line":22,"column":3}},"loc":{"start":{"line":22,"column":11},"end":{"line":35,"column":3}},"line":22},"3":{"name":"(anonymous_3)","decl":{"start":{"line":27,"column":20},"end":{"line":27,"column":21}},"loc":{"start":{"line":27,"column":31},"end":{"line":27,"column":81}},"line":27},"4":{"name":"(anonymous_4)","decl":{"start":{"line":30,"column":55},"end":{"line":30,"column":56}},"loc":{"start":{"line":30,"column":62},"end":{"line":30,"column":82}},"line":30}},"branchMap":{},"s":{"0":3,"1":3,"2":3,"3":1,"4":4,"5":1,"6":0},"f":{"0":3,"1":1,"2":4,"3":1,"4":0},"b":{},"_coverageSchema":"332fd63041d2c1bcb487cc26dd0d5f7d97098a6c","hash":"f6ed2f82468084ff241ca639b3c78752edb2e200"}
,"/Users/arram/code-challenges/rachio/app/Device.js": {"path":"/Users/arram/code-challenges/rachio/app/Device.js","statementMap":{"0":{"start":{"line":8,"column":4},"end":{"line":8,"column":12}},"1":{"start":{"line":9,"column":4},"end":{"line":13,"column":5}},"2":{"start":{"line":14,"column":4},"end":{"line":14,"column":51}},"3":{"start":{"line":15,"column":4},"end":{"line":15,"column":49}},"4":{"start":{"line":19,"column":4},"end":{"line":19,"column":26}},"5":{"start":{"line":20,"column":17},"end":{"line":28,"column":5}},"6":{"start":{"line":22,"column":8},"end":{"line":26,"column":9}},"7":{"start":{"line":29,"column":4},"end":{"line":39,"column":60}},"8":{"start":{"line":37,"column":22},"end":{"line":37,"column":37}},"9":{"start":{"line":38,"column":20},"end":{"line":38,"column":39}},"10":{"start":{"line":39,"column":20},"end":{"line":39,"column":59}},"11":{"start":{"line":43,"column":23},"end":{"line":45,"column":6}},"12":{"start":{"line":44,"column":6},"end":{"line":44,"column":24}},"13":{"start":{"line":46,"column":4},"end":{"line":56,"column":5}},"14":{"start":{"line":47,"column":6},"end":{"line":51,"column":8}},"15":{"start":{"line":49,"column":10},"end":{"line":49,"column":28}},"16":{"start":{"line":53,"column":6},"end":{"line":55,"column":8}},"17":{"start":{"line":60,"column":4},"end":{"line":64,"column":6}},"18":{"start":{"line":62,"column":8},"end":{"line":62,"column":22}},"19":{"start":{"line":68,"column":4},"end":{"line":83,"column":5}}},"fnMap":{"0":{"name":"(anonymous_0)","decl":{"start":{"line":7,"column":2},"end":{"line":7,"column":3}},"loc":{"start":{"line":7,"column":16},"end":{"line":16,"column":3}},"line":7},"1":{"name":"(anonymous_1)","decl":{"start":{"line":18,"column":2},"end":{"line":18,"column":3}},"loc":{"start":{"line":18,"column":31},"end":{"line":40,"column":3}},"line":18},"2":{"name":"(anonymous_2)","decl":{"start":{"line":21,"column":39},"end":{"line":21,"column":40}},"loc":{"start":{"line":21,"column":54},"end":{"line":27,"column":7}},"line":21},"3":{"name":"(anonymous_3)","decl":{"start":{"line":37,"column":10},"end":{"line":37,"column":11}},"loc":{"start":{"line":37,"column":22},"end":{"line":37,"column":37}},"line":37},"4":{"name":"(anonymous_4)","decl":{"start":{"line":38,"column":10},"end":{"line":38,"column":11}},"loc":{"start":{"line":38,"column":20},"end":{"line":38,"column":39}},"line":38},"5":{"name":"(anonymous_5)","decl":{"start":{"line":39,"column":11},"end":{"line":39,"column":12}},"loc":{"start":{"line":39,"column":20},"end":{"line":39,"column":59}},"line":39},"6":{"name":"(anonymous_6)","decl":{"start":{"line":42,"column":2},"end":{"line":42,"column":3}},"loc":{"start":{"line":42,"column":17},"end":{"line":57,"column":3}},"line":42},"7":{"name":"(anonymous_7)","decl":{"start":{"line":43,"column":53},"end":{"line":43,"column":54}},"loc":{"start":{"line":43,"column":61},"end":{"line":45,"column":5}},"line":43},"8":{"name":"(anonymous_8)","decl":{"start":{"line":48,"column":55},"end":{"line":48,"column":56}},"loc":{"start":{"line":48,"column":63},"end":{"line":50,"column":9}},"line":48},"9":{"name":"(anonymous_9)","decl":{"start":{"line":59,"column":2},"end":{"line":59,"column":3}},"loc":{"start":{"line":59,"column":22},"end":{"line":65,"column":3}},"line":59},"10":{"name":"(anonymous_10)","decl":{"start":{"line":61,"column":39},"end":{"line":61,"column":40}},"loc":{"start":{"line":61,"column":47},"end":{"line":63,"column":7}},"line":61},"11":{"name":"(anonymous_11)","decl":{"start":{"line":67,"column":2},"end":{"line":67,"column":3}},"loc":{"start":{"line":67,"column":11},"end":{"line":84,"column":3}},"line":67}},"branchMap":{"0":{"loc":{"start":{"line":46,"column":4},"end":{"line":56,"column":5}},"type":"if","locations":[{"start":{"line":46,"column":4},"end":{"line":56,"column":5}},{"start":{"line":46,"column":4},"end":{"line":56,"column":5}}],"line":46}},"s":{"0":7,"1":7,"2":7,"3":7,"4":2,"5":2,"6":4,"7":2,"8":1,"9":0,"10":2,"11":2,"12":1,"13":2,"14":1,"15":1,"16":1,"17":8,"18":16,"19":20},"f":{"0":7,"1":2,"2":4,"3":1,"4":0,"5":2,"6":2,"7":1,"8":1,"9":8,"10":16,"11":20},"b":{"0":[1,1]},"_coverageSchema":"332fd63041d2c1bcb487cc26dd0d5f7d97098a6c","hash":"7578e0a0f60a4170b815313fb27aa3c24a99017d"}
,"/Users/arram/code-challenges/rachio/app/DevicesContainer.js": {"path":"/Users/arram/code-challenges/rachio/app/DevicesContainer.js","statementMap":{"0":{"start":{"line":5,"column":25},"end":{"line":33,"column":1}},"1":{"start":{"line":6,"column":2},"end":{"line":32,"column":3}},"2":{"start":{"line":9,"column":10},"end":{"line":29,"column":11}},"3":{"start":{"line":12,"column":16},"end":{"line":16,"column":17}},"4":{"start":{"line":19,"column":16},"end":{"line":26,"column":17}}},"fnMap":{"0":{"name":"(anonymous_0)","decl":{"start":{"line":5,"column":25},"end":{"line":5,"column":26}},"loc":{"start":{"line":5,"column":42},"end":{"line":33,"column":1}},"line":5},"1":{"name":"(anonymous_1)","decl":{"start":{"line":8,"column":20},"end":{"line":8,"column":21}},"loc":{"start":{"line":8,"column":39},"end":{"line":30,"column":9}},"line":8},"2":{"name":"(anonymous_2)","decl":{"start":{"line":11,"column":44},"end":{"line":11,"column":45}},"loc":{"start":{"line":11,"column":50},"end":{"line":17,"column":15}},"line":11},"3":{"name":"(anonymous_3)","decl":{"start":{"line":18,"column":58},"end":{"line":18,"column":59}},"loc":{"start":{"line":18,"column":75},"end":{"line":27,"column":15}},"line":18}},"branchMap":{},"s":{"0":2,"1":1,"2":2,"3":0,"4":0},"f":{"0":1,"1":2,"2":0,"3":0},"b":{},"_coverageSchema":"332fd63041d2c1bcb487cc26dd0d5f7d97098a6c","hash":"6b9babfb37c26b3db24eda0cdb5dcdf3fe6a0f87"}
,"/Users/arram/code-challenges/rachio/app/Zone.js": {"path":"/Users/arram/code-challenges/rachio/app/Zone.js","statementMap":{"0":{"start":{"line":6,"column":4},"end":{"line":6,"column":12}},"1":{"start":{"line":7,"column":4},"end":{"line":12,"column":6}},"2":{"start":{"line":13,"column":4},"end":{"line":13,"column":49}},"3":{"start":{"line":14,"column":4},"end":{"line":14,"column":47}},"4":{"start":{"line":15,"column":4},"end":{"line":15,"column":51}},"5":{"start":{"line":16,"column":4},"end":{"line":16,"column":53}},"6":{"start":{"line":20,"column":4},"end":{"line":20,"column":54}},"7":{"start":{"line":24,"column":4},"end":{"line":26,"column":6}},"8":{"start":{"line":30,"column":4},"end":{"line":30,"column":40}},"9":{"start":{"line":31,"column":4},"end":{"line":31,"column":53}},"10":{"start":{"line":35,"column":4},"end":{"line":35,"column":27}},"11":{"start":{"line":36,"column":17},"end":{"line":39,"column":5}},"12":{"start":{"line":40,"column":4},"end":{"line":51,"column":60}},"13":{"start":{"line":48,"column":22},"end":{"line":48,"column":37}},"14":{"start":{"line":49,"column":20},"end":{"line":49,"column":39}},"15":{"start":{"line":50,"column":16},"end":{"line":50,"column":33}},"16":{"start":{"line":51,"column":20},"end":{"line":51,"column":59}},"17":{"start":{"line":55,"column":4},"end":{"line":87,"column":5}}},"fnMap":{"0":{"name":"(anonymous_0)","decl":{"start":{"line":5,"column":2},"end":{"line":5,"column":3}},"loc":{"start":{"line":5,"column":16},"end":{"line":17,"column":3}},"line":5},"1":{"name":"(anonymous_1)","decl":{"start":{"line":19,"column":2},"end":{"line":19,"column":3}},"loc":{"start":{"line":19,"column":15},"end":{"line":21,"column":3}},"line":19},"2":{"name":"(anonymous_2)","decl":{"start":{"line":23,"column":2},"end":{"line":23,"column":3}},"loc":{"start":{"line":23,"column":21},"end":{"line":27,"column":3}},"line":23},"3":{"name":"(anonymous_3)","decl":{"start":{"line":29,"column":2},"end":{"line":29,"column":3}},"loc":{"start":{"line":29,"column":17},"end":{"line":32,"column":3}},"line":29},"4":{"name":"(anonymous_4)","decl":{"start":{"line":34,"column":2},"end":{"line":34,"column":3}},"loc":{"start":{"line":34,"column":19},"end":{"line":52,"column":3}},"line":34},"5":{"name":"(anonymous_5)","decl":{"start":{"line":48,"column":10},"end":{"line":48,"column":11}},"loc":{"start":{"line":48,"column":22},"end":{"line":48,"column":37}},"line":48},"6":{"name":"(anonymous_6)","decl":{"start":{"line":49,"column":10},"end":{"line":49,"column":11}},"loc":{"start":{"line":49,"column":20},"end":{"line":49,"column":39}},"line":49},"7":{"name":"(anonymous_7)","decl":{"start":{"line":50,"column":10},"end":{"line":50,"column":11}},"loc":{"start":{"line":50,"column":16},"end":{"line":50,"column":33}},"line":50},"8":{"name":"(anonymous_8)","decl":{"start":{"line":51,"column":11},"end":{"line":51,"column":12}},"loc":{"start":{"line":51,"column":20},"end":{"line":51,"column":59}},"line":51},"9":{"name":"(anonymous_9)","decl":{"start":{"line":54,"column":2},"end":{"line":54,"column":3}},"loc":{"start":{"line":54,"column":11},"end":{"line":88,"column":3}},"line":54}},"branchMap":{"0":{"loc":{"start":{"line":59,"column":21},"end":{"line":59,"column":58}},"type":"cond-expr","locations":[{"start":{"line":59,"column":43},"end":{"line":59,"column":53}},{"start":{"line":59,"column":56},"end":{"line":59,"column":58}}],"line":59},"1":{"loc":{"start":{"line":69,"column":13},"end":{"line":69,"column":58}},"type":"cond-expr","locations":[{"start":{"line":69,"column":35},"end":{"line":69,"column":43}},{"start":{"line":69,"column":46},"end":{"line":69,"column":58}}],"line":69},"2":{"loc":{"start":{"line":75,"column":13},"end":{"line":75,"column":61}},"type":"cond-expr","locations":[{"start":{"line":75,"column":35},"end":{"line":75,"column":45}},{"start":{"line":75,"column":48},"end":{"line":75,"column":61}}],"line":75},"3":{"loc":{"start":{"line":79,"column":19},"end":{"line":79,"column":68}},"type":"cond-expr","locations":[{"start":{"line":79,"column":41},"end":{"line":79,"column":52}},{"start":{"line":79,"column":55},"end":{"line":79,"column":68}}],"line":79}},"s":{"0":12,"1":12,"2":12,"3":12,"4":12,"5":12,"6":6,"7":3,"8":6,"9":6,"10":3,"11":3,"12":3,"13":2,"14":2,"15":2,"16":1,"17":28},"f":{"0":12,"1":6,"2":3,"3":6,"4":3,"5":2,"6":2,"7":2,"8":1,"9":28},"b":{"0":[4,24],"1":[6,22],"2":[4,24],"3":[6,22]},"_coverageSchema":"332fd63041d2c1bcb487cc26dd0d5f7d97098a6c","hash":"5167401aa0622c3994904865465154806264b3ff"}
,"/Users/arram/code-challenges/rachio/app/ZonesContainer.js": {"path":"/Users/arram/code-challenges/rachio/app/ZonesContainer.js","statementMap":{"0":{"start":{"line":4,"column":23},"end":{"line":20,"column":1}},"1":{"start":{"line":5,"column":2},"end":{"line":19,"column":3}},"2":{"start":{"line":8,"column":8},"end":{"line":16,"column":9}}},"fnMap":{"0":{"name":"(anonymous_0)","decl":{"start":{"line":4,"column":23},"end":{"line":4,"column":24}},"loc":{"start":{"line":4,"column":50},"end":{"line":20,"column":1}},"line":4},"1":{"name":"(anonymous_1)","decl":{"start":{"line":7,"column":18},"end":{"line":7,"column":19}},"loc":{"start":{"line":7,"column":35},"end":{"line":17,"column":7}},"line":7}},"branchMap":{},"s":{"0":4,"1":1,"2":2},"f":{"0":1,"1":2},"b":{},"_coverageSchema":"332fd63041d2c1bcb487cc26dd0d5f7d97098a6c","hash":"efbb9189a6f4df15477e558902a08698db21b436"}
}
