{"/Users/arram/code-challenges/rachio/APIkey.js": {"path":"/Users/arram/code-challenges/rachio/APIkey.js","statementMap":{"0":{"start":{"line":1,"column":22},"end":{"line":1,"column":60}}},"fnMap":{},"branchMap":{},"s":{"0":5},"f":{},"b":{},"_coverageSchema":"332fd63041d2c1bcb487cc26dd0d5f7d97098a6c","hash":"e9d2c86455c5195a22fa473ff037f1ea69330e6d"}
,"/Users/arram/code-challenges/rachio/__test__/setup/setupEnzyme.js": {"path":"/Users/arram/code-challenges/rachio/__test__/setup/setupEnzyme.js","statementMap":{"0":{"start":{"line":4,"column":0},"end":{"line":4,"column":45}}},"fnMap":{},"branchMap":{},"s":{"0":6},"f":{},"b":{},"_coverageSchema":"332fd63041d2c1bcb487cc26dd0d5f7d97098a6c","hash":"c02b0c6c783a893aa81934c0d0f78402a4f7b51e"}
,"/Users/arram/code-challenges/rachio/app/App.js": {"path":"/Users/arram/code-challenges/rachio/app/App.js","statementMap":{"0":{"start":{"line":11,"column":4},"end":{"line":11,"column":11}},"1":{"start":{"line":12,"column":4},"end":{"line":16,"column":5}},"2":{"start":{"line":20,"column":4},"end":{"line":28,"column":62}},"3":{"start":{"line":26,"column":24},"end":{"line":26,"column":39}},"4":{"start":{"line":27,"column":22},"end":{"line":27,"column":75}},"5":{"start":{"line":28,"column":22},"end":{"line":28,"column":61}},"6":{"start":{"line":32,"column":4},"end":{"line":40,"column":62}},"7":{"start":{"line":38,"column":24},"end":{"line":38,"column":39}},"8":{"start":{"line":39,"column":22},"end":{"line":39,"column":56}},"9":{"start":{"line":40,"column":22},"end":{"line":40,"column":61}},"10":{"start":{"line":44,"column":34},"end":{"line":44,"column":53}},"11":{"start":{"line":45,"column":4},"end":{"line":67,"column":5}},"12":{"start":{"line":58,"column":16},"end":{"line":60,"column":17}}},"fnMap":{"0":{"name":"(anonymous_0)","decl":{"start":{"line":10,"column":2},"end":{"line":10,"column":3}},"loc":{"start":{"line":10,"column":16},"end":{"line":17,"column":3}},"line":10},"1":{"name":"(anonymous_1)","decl":{"start":{"line":19,"column":2},"end":{"line":19,"column":3}},"loc":{"start":{"line":19,"column":25},"end":{"line":29,"column":3}},"line":19},"2":{"name":"(anonymous_2)","decl":{"start":{"line":26,"column":12},"end":{"line":26,"column":13}},"loc":{"start":{"line":26,"column":24},"end":{"line":26,"column":39}},"line":26},"3":{"name":"(anonymous_3)","decl":{"start":{"line":27,"column":12},"end":{"line":27,"column":13}},"loc":{"start":{"line":27,"column":22},"end":{"line":27,"column":75}},"line":27},"4":{"name":"(anonymous_4)","decl":{"start":{"line":28,"column":13},"end":{"line":28,"column":14}},"loc":{"start":{"line":28,"column":22},"end":{"line":28,"column":61}},"line":28},"5":{"name":"(anonymous_5)","decl":{"start":{"line":31,"column":2},"end":{"line":31,"column":3}},"loc":{"start":{"line":31,"column":22},"end":{"line":41,"column":3}},"line":31},"6":{"name":"(anonymous_6)","decl":{"start":{"line":38,"column":12},"end":{"line":38,"column":13}},"loc":{"start":{"line":38,"column":24},"end":{"line":38,"column":39}},"line":38},"7":{"name":"(anonymous_7)","decl":{"start":{"line":39,"column":12},"end":{"line":39,"column":13}},"loc":{"start":{"line":39,"column":22},"end":{"line":39,"column":56}},"line":39},"8":{"name":"(anonymous_8)","decl":{"start":{"line":40,"column":13},"end":{"line":40,"column":14}},"loc":{"start":{"line":40,"column":22},"end":{"line":40,"column":61}},"line":40},"9":{"name":"(anonymous_9)","decl":{"start":{"line":43,"column":2},"end":{"line":43,"column":3}},"loc":{"start":{"line":43,"column":11},"end":{"line":68,"column":3}},"line":43},"10":{"name":"(anonymous_10)","decl":{"start":{"line":57,"column":22},"end":{"line":57,"column":23}},"loc":{"start":{"line":57,"column":28},"end":{"line":61,"column":15}},"line":57}},"branchMap":{"0":{"loc":{"start":{"line":47,"column":9},"end":{"line":64,"column":17}},"type":"cond-expr","locations":[{"start":{"line":48,"column":10},"end":{"line":51,"column":16}},{"start":{"line":53,"column":10},"end":{"line":64,"column":17}}],"line":47}},"s":{"0":11,"1":11,"2":5,"3":4,"4":4,"5":1,"6":3,"7":2,"8":2,"9":1,"10":18,"11":18,"12":0},"f":{"0":11,"1":5,"2":4,"3":4,"4":1,"5":3,"6":2,"7":2,"8":1,"9":18,"10":0},"b":{"0":[13,5]},"_coverageSchema":"332fd63041d2c1bcb487cc26dd0d5f7d97098a6c","hash":"4f25a86f6fb7c3fe7f316fbcc8fd0bbac964214c"}
,"/Users/arram/code-challenges/rachio/app/ControlForm.js": {"path":"/Users/arram/code-challenges/rachio/app/ControlForm.js","statementMap":{"0":{"start":{"line":6,"column":4},"end":{"line":6,"column":11}},"1":{"start":{"line":7,"column":4},"end":{"line":13,"column":5}},"2":{"start":{"line":14,"column":4},"end":{"line":14,"column":53}},"3":{"start":{"line":18,"column":4},"end":{"line":20,"column":6}},"4":{"start":{"line":24,"column":4},"end":{"line":37,"column":5}},"5":{"start":{"line":29,"column":31},"end":{"line":29,"column":78}},"6":{"start":{"line":32,"column":62},"end":{"line":32,"column":82}},"7":{"start":{"line":43,"column":0},"end":{"line":45,"column":1}}},"fnMap":{"0":{"name":"(anonymous_0)","decl":{"start":{"line":5,"column":2},"end":{"line":5,"column":3}},"loc":{"start":{"line":5,"column":16},"end":{"line":15,"column":3}},"line":5},"1":{"name":"(anonymous_1)","decl":{"start":{"line":17,"column":2},"end":{"line":17,"column":3}},"loc":{"start":{"line":17,"column":18},"end":{"line":21,"column":3}},"line":17},"2":{"name":"(anonymous_2)","decl":{"start":{"line":23,"column":2},"end":{"line":23,"column":3}},"loc":{"start":{"line":23,"column":11},"end":{"line":38,"column":3}},"line":23},"3":{"name":"(anonymous_3)","decl":{"start":{"line":29,"column":20},"end":{"line":29,"column":21}},"loc":{"start":{"line":29,"column":31},"end":{"line":29,"column":78}},"line":29},"4":{"name":"(anonymous_4)","decl":{"start":{"line":32,"column":55},"end":{"line":32,"column":56}},"loc":{"start":{"line":32,"column":62},"end":{"line":32,"column":82}},"line":32}},"branchMap":{},"s":{"0":3,"1":3,"2":3,"3":1,"4":4,"5":1,"6":0,"7":4},"f":{"0":3,"1":1,"2":4,"3":1,"4":0},"b":{},"_coverageSchema":"332fd63041d2c1bcb487cc26dd0d5f7d97098a6c","hash":"0bc500f29fc20c20e954b8a3ca1b923f863005f1"}
,"/Users/arram/code-challenges/rachio/app/Device.js": {"path":"/Users/arram/code-challenges/rachio/app/Device.js","statementMap":{"0":{"start":{"line":9,"column":4},"end":{"line":9,"column":12}},"1":{"start":{"line":10,"column":4},"end":{"line":15,"column":6}},"2":{"start":{"line":16,"column":4},"end":{"line":16,"column":45}},"3":{"start":{"line":17,"column":4},"end":{"line":17,"column":49}},"4":{"start":{"line":18,"column":4},"end":{"line":18,"column":53}},"5":{"start":{"line":22,"column":4},"end":{"line":22,"column":26}},"6":{"start":{"line":24,"column":4},"end":{"line":28,"column":5}},"7":{"start":{"line":25,"column":6},"end":{"line":25,"column":39}},"8":{"start":{"line":27,"column":6},"end":{"line":27,"column":36}},"9":{"start":{"line":29,"column":17},"end":{"line":37,"column":5}},"10":{"start":{"line":31,"column":8},"end":{"line":35,"column":9}},"11":{"start":{"line":38,"column":4},"end":{"line":59,"column":61}},"12":{"start":{"line":46,"column":22},"end":{"line":46,"column":37}},"13":{"start":{"line":49,"column":6},"end":{"line":53,"column":7}},"14":{"start":{"line":50,"column":8},"end":{"line":50,"column":98}},"15":{"start":{"line":52,"column":8},"end":{"line":52,"column":60}},"16":{"start":{"line":54,"column":6},"end":{"line":54,"column":34}},"17":{"start":{"line":55,"column":8},"end":{"line":57,"column":17}},"18":{"start":{"line":56,"column":10},"end":{"line":56,"column":41}},"19":{"start":{"line":59,"column":20},"end":{"line":59,"column":59}},"20":{"start":{"line":63,"column":23},"end":{"line":65,"column":6}},"21":{"start":{"line":64,"column":6},"end":{"line":64,"column":27}},"22":{"start":{"line":66,"column":4},"end":{"line":76,"column":5}},"23":{"start":{"line":67,"column":6},"end":{"line":71,"column":8}},"24":{"start":{"line":69,"column":10},"end":{"line":69,"column":31}},"25":{"start":{"line":73,"column":6},"end":{"line":75,"column":8}},"26":{"start":{"line":80,"column":28},"end":{"line":85,"column":6}},"27":{"start":{"line":81,"column":6},"end":{"line":83,"column":7}},"28":{"start":{"line":82,"column":8},"end":{"line":82,"column":36}},"29":{"start":{"line":84,"column":8},"end":{"line":84,"column":19}},"30":{"start":{"line":86,"column":4},"end":{"line":86,"column":54}},"31":{"start":{"line":90,"column":4},"end":{"line":94,"column":6}},"32":{"start":{"line":92,"column":8},"end":{"line":92,"column":22}},"33":{"start":{"line":98,"column":4},"end":{"line":115,"column":5}},"34":{"start":{"line":121,"column":0},"end":{"line":126,"column":1}}},"fnMap":{"0":{"name":"(anonymous_0)","decl":{"start":{"line":8,"column":2},"end":{"line":8,"column":3}},"loc":{"start":{"line":8,"column":16},"end":{"line":19,"column":3}},"line":8},"1":{"name":"(anonymous_1)","decl":{"start":{"line":21,"column":2},"end":{"line":21,"column":3}},"loc":{"start":{"line":21,"column":28},"end":{"line":60,"column":3}},"line":21},"2":{"name":"(anonymous_2)","decl":{"start":{"line":30,"column":24},"end":{"line":30,"column":25}},"loc":{"start":{"line":30,"column":41},"end":{"line":36,"column":7}},"line":30},"3":{"name":"(anonymous_3)","decl":{"start":{"line":46,"column":10},"end":{"line":46,"column":11}},"loc":{"start":{"line":46,"column":22},"end":{"line":46,"column":37}},"line":46},"4":{"name":"(anonymous_4)","decl":{"start":{"line":47,"column":10},"end":{"line":47,"column":11}},"loc":{"start":{"line":47,"column":20},"end":{"line":58,"column":5}},"line":47},"5":{"name":"(anonymous_5)","decl":{"start":{"line":55,"column":19},"end":{"line":55,"column":20}},"loc":{"start":{"line":55,"column":25},"end":{"line":57,"column":9}},"line":55},"6":{"name":"(anonymous_6)","decl":{"start":{"line":59,"column":11},"end":{"line":59,"column":12}},"loc":{"start":{"line":59,"column":20},"end":{"line":59,"column":59}},"line":59},"7":{"name":"(anonymous_7)","decl":{"start":{"line":62,"column":2},"end":{"line":62,"column":3}},"loc":{"start":{"line":62,"column":17},"end":{"line":77,"column":3}},"line":62},"8":{"name":"(anonymous_8)","decl":{"start":{"line":63,"column":53},"end":{"line":63,"column":54}},"loc":{"start":{"line":63,"column":61},"end":{"line":65,"column":5}},"line":63},"9":{"name":"(anonymous_9)","decl":{"start":{"line":68,"column":55},"end":{"line":68,"column":56}},"loc":{"start":{"line":68,"column":63},"end":{"line":70,"column":9}},"line":68},"10":{"name":"(anonymous_10)","decl":{"start":{"line":79,"column":2},"end":{"line":79,"column":3}},"loc":{"start":{"line":79,"column":30},"end":{"line":87,"column":3}},"line":79},"11":{"name":"(anonymous_11)","decl":{"start":{"line":80,"column":57},"end":{"line":80,"column":58}},"loc":{"start":{"line":80,"column":65},"end":{"line":85,"column":5}},"line":80},"12":{"name":"(anonymous_12)","decl":{"start":{"line":89,"column":2},"end":{"line":89,"column":3}},"loc":{"start":{"line":89,"column":22},"end":{"line":95,"column":3}},"line":89},"13":{"name":"(anonymous_13)","decl":{"start":{"line":91,"column":39},"end":{"line":91,"column":40}},"loc":{"start":{"line":91,"column":47},"end":{"line":93,"column":7}},"line":91},"14":{"name":"(anonymous_14)","decl":{"start":{"line":97,"column":2},"end":{"line":97,"column":3}},"loc":{"start":{"line":97,"column":11},"end":{"line":116,"column":3}},"line":97}},"branchMap":{"0":{"loc":{"start":{"line":24,"column":4},"end":{"line":28,"column":5}},"type":"if","locations":[{"start":{"line":24,"column":4},"end":{"line":28,"column":5}},{"start":{"line":24,"column":4},"end":{"line":28,"column":5}}],"line":24},"1":{"loc":{"start":{"line":32,"column":14},"end":{"line":32,"column":29}},"type":"binary-expr","locations":[{"start":{"line":32,"column":14},"end":{"line":32,"column":21}},{"start":{"line":32,"column":25},"end":{"line":32,"column":29}}],"line":32},"2":{"loc":{"start":{"line":34,"column":21},"end":{"line":34,"column":54}},"type":"binary-expr","locations":[{"start":{"line":34,"column":21},"end":{"line":34,"column":45}},{"start":{"line":34,"column":49},"end":{"line":34,"column":54}}],"line":34},"3":{"loc":{"start":{"line":49,"column":6},"end":{"line":53,"column":7}},"type":"if","locations":[{"start":{"line":49,"column":6},"end":{"line":53,"column":7}},{"start":{"line":49,"column":6},"end":{"line":53,"column":7}}],"line":49},"4":{"loc":{"start":{"line":66,"column":4},"end":{"line":76,"column":5}},"type":"if","locations":[{"start":{"line":66,"column":4},"end":{"line":76,"column":5}},{"start":{"line":66,"column":4},"end":{"line":76,"column":5}}],"line":66},"5":{"loc":{"start":{"line":81,"column":6},"end":{"line":83,"column":7}},"type":"if","locations":[{"start":{"line":81,"column":6},"end":{"line":83,"column":7}},{"start":{"line":81,"column":6},"end":{"line":83,"column":7}}],"line":81},"6":{"loc":{"start":{"line":108,"column":10},"end":{"line":108,"column":65}},"type":"cond-expr","locations":[{"start":{"line":108,"column":32},"end":{"line":108,"column":60}},{"start":{"line":108,"column":63},"end":{"line":108,"column":65}}],"line":108},"7":{"loc":{"start":{"line":122,"column":6},"end":{"line":122,"column":42}},"type":"binary-expr","locations":[{"start":{"line":122,"column":6},"end":{"line":122,"column":22}},{"start":{"line":122,"column":26},"end":{"line":122,"column":42}}],"line":122}},"s":{"0":8,"1":8,"2":8,"3":8,"4":8,"5":2,"6":2,"7":0,"8":2,"9":2,"10":4,"11":2,"12":1,"13":0,"14":0,"15":0,"16":0,"17":0,"18":0,"19":2,"20":2,"21":1,"22":2,"23":1,"24":1,"25":1,"26":1,"27":2,"28":1,"29":1,"30":1,"31":9,"32":18,"33":24,"34":3},"f":{"0":8,"1":2,"2":4,"3":1,"4":0,"5":0,"6":2,"7":2,"8":1,"9":1,"10":1,"11":2,"12":9,"13":18,"14":24},"b":{"0":[0,2],"1":[4,4],"2":[4,4],"3":[0,0],"4":[1,1],"5":[1,1],"6":[0,24],"7":[3,0]},"_coverageSchema":"332fd63041d2c1bcb487cc26dd0d5f7d97098a6c","hash":"376f66c98a9dc96a8c40c1272d33f1521a6487cf"}
,"/Users/arram/code-challenges/rachio/app/DevicesContainer.js": {"path":"/Users/arram/code-challenges/rachio/app/DevicesContainer.js","statementMap":{"0":{"start":{"line":6,"column":25},"end":{"line":34,"column":1}},"1":{"start":{"line":7,"column":2},"end":{"line":33,"column":3}},"2":{"start":{"line":10,"column":10},"end":{"line":30,"column":11}},"3":{"start":{"line":13,"column":16},"end":{"line":17,"column":17}},"4":{"start":{"line":20,"column":16},"end":{"line":27,"column":17}},"5":{"start":{"line":38,"column":0},"end":{"line":40,"column":1}}},"fnMap":{"0":{"name":"(anonymous_0)","decl":{"start":{"line":6,"column":25},"end":{"line":6,"column":26}},"loc":{"start":{"line":6,"column":42},"end":{"line":34,"column":1}},"line":6},"1":{"name":"(anonymous_1)","decl":{"start":{"line":9,"column":20},"end":{"line":9,"column":21}},"loc":{"start":{"line":9,"column":39},"end":{"line":31,"column":9}},"line":9},"2":{"name":"(anonymous_2)","decl":{"start":{"line":12,"column":44},"end":{"line":12,"column":45}},"loc":{"start":{"line":12,"column":50},"end":{"line":18,"column":15}},"line":12},"3":{"name":"(anonymous_3)","decl":{"start":{"line":19,"column":58},"end":{"line":19,"column":59}},"loc":{"start":{"line":19,"column":75},"end":{"line":28,"column":15}},"line":19}},"branchMap":{},"s":{"0":2,"1":1,"2":2,"3":0,"4":0,"5":2},"f":{"0":1,"1":2,"2":0,"3":0},"b":{},"_coverageSchema":"332fd63041d2c1bcb487cc26dd0d5f7d97098a6c","hash":"6d4a0608bcf9aacc51d3dd1da2f1a455f0b89c42"}
,"/Users/arram/code-challenges/rachio/app/Zone.js": {"path":"/Users/arram/code-challenges/rachio/app/Zone.js","statementMap":{"0":{"start":{"line":7,"column":4},"end":{"line":7,"column":12}},"1":{"start":{"line":8,"column":4},"end":{"line":13,"column":6}},"2":{"start":{"line":14,"column":4},"end":{"line":14,"column":49}},"3":{"start":{"line":15,"column":4},"end":{"line":15,"column":47}},"4":{"start":{"line":16,"column":4},"end":{"line":16,"column":51}},"5":{"start":{"line":17,"column":4},"end":{"line":17,"column":53}},"6":{"start":{"line":18,"column":4},"end":{"line":18,"column":55}},"7":{"start":{"line":19,"column":4},"end":{"line":19,"column":57}},"8":{"start":{"line":23,"column":4},"end":{"line":27,"column":5}},"9":{"start":{"line":24,"column":6},"end":{"line":24,"column":56}},"10":{"start":{"line":26,"column":6},"end":{"line":26,"column":28}},"11":{"start":{"line":31,"column":4},"end":{"line":33,"column":6}},"12":{"start":{"line":37,"column":4},"end":{"line":42,"column":5}},"13":{"start":{"line":38,"column":6},"end":{"line":38,"column":56}},"14":{"start":{"line":39,"column":6},"end":{"line":39,"column":42}},"15":{"start":{"line":41,"column":6},"end":{"line":41,"column":28}},"16":{"start":{"line":46,"column":4},"end":{"line":46,"column":67}},"17":{"start":{"line":47,"column":4},"end":{"line":49,"column":13}},"18":{"start":{"line":48,"column":6},"end":{"line":48,"column":34}},"19":{"start":{"line":53,"column":22},"end":{"line":53,"column":39}},"20":{"start":{"line":54,"column":4},"end":{"line":54,"column":50}},"21":{"start":{"line":58,"column":4},"end":{"line":58,"column":27}},"22":{"start":{"line":59,"column":17},"end":{"line":62,"column":5}},"23":{"start":{"line":63,"column":4},"end":{"line":74,"column":60}},"24":{"start":{"line":71,"column":22},"end":{"line":71,"column":37}},"25":{"start":{"line":72,"column":20},"end":{"line":72,"column":39}},"26":{"start":{"line":73,"column":16},"end":{"line":73,"column":33}},"27":{"start":{"line":74,"column":20},"end":{"line":74,"column":59}},"28":{"start":{"line":78,"column":4},"end":{"line":124,"column":5}},"29":{"start":{"line":130,"column":0},"end":{"line":135,"column":1}}},"fnMap":{"0":{"name":"(anonymous_0)","decl":{"start":{"line":6,"column":2},"end":{"line":6,"column":3}},"loc":{"start":{"line":6,"column":16},"end":{"line":20,"column":3}},"line":6},"1":{"name":"(anonymous_1)","decl":{"start":{"line":22,"column":2},"end":{"line":22,"column":3}},"loc":{"start":{"line":22,"column":15},"end":{"line":28,"column":3}},"line":22},"2":{"name":"(anonymous_2)","decl":{"start":{"line":30,"column":2},"end":{"line":30,"column":3}},"loc":{"start":{"line":30,"column":21},"end":{"line":34,"column":3}},"line":30},"3":{"name":"(anonymous_3)","decl":{"start":{"line":36,"column":2},"end":{"line":36,"column":3}},"loc":{"start":{"line":36,"column":17},"end":{"line":43,"column":3}},"line":36},"4":{"name":"(anonymous_4)","decl":{"start":{"line":45,"column":2},"end":{"line":45,"column":3}},"loc":{"start":{"line":45,"column":19},"end":{"line":50,"column":3}},"line":45},"5":{"name":"(anonymous_5)","decl":{"start":{"line":47,"column":15},"end":{"line":47,"column":16}},"loc":{"start":{"line":47,"column":21},"end":{"line":49,"column":5}},"line":47},"6":{"name":"(anonymous_6)","decl":{"start":{"line":52,"column":2},"end":{"line":52,"column":3}},"loc":{"start":{"line":52,"column":23},"end":{"line":55,"column":3}},"line":52},"7":{"name":"(anonymous_7)","decl":{"start":{"line":57,"column":2},"end":{"line":57,"column":3}},"loc":{"start":{"line":57,"column":19},"end":{"line":75,"column":3}},"line":57},"8":{"name":"(anonymous_8)","decl":{"start":{"line":71,"column":10},"end":{"line":71,"column":11}},"loc":{"start":{"line":71,"column":22},"end":{"line":71,"column":37}},"line":71},"9":{"name":"(anonymous_9)","decl":{"start":{"line":72,"column":10},"end":{"line":72,"column":11}},"loc":{"start":{"line":72,"column":20},"end":{"line":72,"column":39}},"line":72},"10":{"name":"(anonymous_10)","decl":{"start":{"line":73,"column":10},"end":{"line":73,"column":11}},"loc":{"start":{"line":73,"column":16},"end":{"line":73,"column":33}},"line":73},"11":{"name":"(anonymous_11)","decl":{"start":{"line":74,"column":11},"end":{"line":74,"column":12}},"loc":{"start":{"line":74,"column":20},"end":{"line":74,"column":59}},"line":74},"12":{"name":"(anonymous_12)","decl":{"start":{"line":77,"column":2},"end":{"line":77,"column":3}},"loc":{"start":{"line":77,"column":11},"end":{"line":125,"column":3}},"line":77}},"branchMap":{"0":{"loc":{"start":{"line":23,"column":4},"end":{"line":27,"column":5}},"type":"if","locations":[{"start":{"line":23,"column":4},"end":{"line":27,"column":5}},{"start":{"line":23,"column":4},"end":{"line":27,"column":5}}],"line":23},"1":{"loc":{"start":{"line":37,"column":4},"end":{"line":42,"column":5}},"type":"if","locations":[{"start":{"line":37,"column":4},"end":{"line":42,"column":5}},{"start":{"line":37,"column":4},"end":{"line":42,"column":5}}],"line":37},"2":{"loc":{"start":{"line":53,"column":22},"end":{"line":53,"column":39}},"type":"binary-expr","locations":[{"start":{"line":53,"column":22},"end":{"line":53,"column":34}},{"start":{"line":53,"column":38},"end":{"line":53,"column":39}}],"line":53},"3":{"loc":{"start":{"line":81,"column":32},"end":{"line":81,"column":79}},"type":"cond-expr","locations":[{"start":{"line":81,"column":53},"end":{"line":81,"column":64}},{"start":{"line":81,"column":67},"end":{"line":81,"column":79}}],"line":81},"4":{"loc":{"start":{"line":84,"column":21},"end":{"line":84,"column":58}},"type":"cond-expr","locations":[{"start":{"line":84,"column":43},"end":{"line":84,"column":53}},{"start":{"line":84,"column":56},"end":{"line":84,"column":58}}],"line":84},"5":{"loc":{"start":{"line":94,"column":13},"end":{"line":94,"column":58}},"type":"cond-expr","locations":[{"start":{"line":94,"column":35},"end":{"line":94,"column":43}},{"start":{"line":94,"column":46},"end":{"line":94,"column":58}}],"line":94},"6":{"loc":{"start":{"line":100,"column":13},"end":{"line":100,"column":61}},"type":"cond-expr","locations":[{"start":{"line":100,"column":35},"end":{"line":100,"column":45}},{"start":{"line":100,"column":48},"end":{"line":100,"column":61}}],"line":100},"7":{"loc":{"start":{"line":104,"column":19},"end":{"line":104,"column":68}},"type":"cond-expr","locations":[{"start":{"line":104,"column":41},"end":{"line":104,"column":52}},{"start":{"line":104,"column":55},"end":{"line":104,"column":68}}],"line":104},"8":{"loc":{"start":{"line":111,"column":10},"end":{"line":111,"column":59}},"type":"cond-expr","locations":[{"start":{"line":111,"column":29},"end":{"line":111,"column":54}},{"start":{"line":111,"column":57},"end":{"line":111,"column":59}}],"line":111},"9":{"loc":{"start":{"line":112,"column":9},"end":{"line":121,"column":23}},"type":"cond-expr","locations":[{"start":{"line":113,"column":12},"end":{"line":121,"column":18}},{"start":{"line":121,"column":21},"end":{"line":121,"column":23}}],"line":112},"10":{"loc":{"start":{"line":112,"column":9},"end":{"line":112,"column":50}},"type":"binary-expr","locations":[{"start":{"line":112,"column":9},"end":{"line":112,"column":28}},{"start":{"line":112,"column":32},"end":{"line":112,"column":50}}],"line":112}},"s":{"0":17,"1":17,"2":17,"3":17,"4":17,"5":17,"6":17,"7":17,"8":7,"9":6,"10":1,"11":3,"12":6,"13":5,"14":5,"15":1,"16":2,"17":2,"18":0,"19":3,"20":3,"21":3,"22":3,"23":3,"24":2,"25":2,"26":2,"27":1,"28":35,"29":5},"f":{"0":17,"1":7,"2":3,"3":6,"4":2,"5":0,"6":3,"7":3,"8":2,"9":2,"10":2,"11":1,"12":35},"b":{"0":[6,1],"1":[5,1],"2":[3,0],"3":[31,4],"4":[4,31],"5":[6,29],"6":[4,31],"7":[6,29],"8":[3,32],"9":[4,31],"10":[35,4]},"_coverageSchema":"332fd63041d2c1bcb487cc26dd0d5f7d97098a6c","hash":"7efd064b1294552beec10f59009faa34950aa6ba"}
,"/Users/arram/code-challenges/rachio/app/ZonesContainer.js": {"path":"/Users/arram/code-challenges/rachio/app/ZonesContainer.js","statementMap":{"0":{"start":{"line":5,"column":23},"end":{"line":23,"column":1}},"1":{"start":{"line":6,"column":2},"end":{"line":22,"column":3}},"2":{"start":{"line":9,"column":8},"end":{"line":19,"column":9}},"3":{"start":{"line":27,"column":0},"end":{"line":31,"column":1}}},"fnMap":{"0":{"name":"(anonymous_0)","decl":{"start":{"line":5,"column":23},"end":{"line":5,"column":24}},"loc":{"start":{"line":5,"column":64},"end":{"line":23,"column":1}},"line":5},"1":{"name":"(anonymous_1)","decl":{"start":{"line":8,"column":18},"end":{"line":8,"column":19}},"loc":{"start":{"line":8,"column":35},"end":{"line":20,"column":7}},"line":8}},"branchMap":{},"s":{"0":4,"1":1,"2":2,"3":4},"f":{"0":1,"1":2},"b":{},"_coverageSchema":"332fd63041d2c1bcb487cc26dd0d5f7d97098a6c","hash":"ed237ef2f8bc588d087f76614be16426d4175155"}
}
