TN:
SF:/Users/arram/code-challenges/rachio/APIkey.js
FNF:0
FNH:0
DA:1,5
LF:1
LH:1
BRF:0
BRH:0
end_of_record
TN:
SF:/Users/arram/code-challenges/rachio/__test__/setup/setupEnzyme.js
FNF:0
FNH:0
DA:4,6
LF:1
LH:1
BRF:0
BRH:0
end_of_record
TN:
SF:/Users/arram/code-challenges/rachio/app/App.js
FN:10,(anonymous_0)
FN:19,(anonymous_1)
FN:26,(anonymous_2)
FN:27,(anonymous_3)
FN:28,(anonymous_4)
FN:31,(anonymous_5)
FN:38,(anonymous_6)
FN:39,(anonymous_7)
FN:40,(anonymous_8)
FN:43,(anonymous_9)
FN:57,(anonymous_10)
FNF:11
FNH:10
FNDA:11,(anonymous_0)
FNDA:5,(anonymous_1)
FNDA:4,(anonymous_2)
FNDA:4,(anonymous_3)
FNDA:1,(anonymous_4)
FNDA:3,(anonymous_5)
FNDA:2,(anonymous_6)
FNDA:2,(anonymous_7)
FNDA:1,(anonymous_8)
FNDA:18,(anonymous_9)
FNDA:0,(anonymous_10)
DA:11,11
DA:12,11
DA:20,5
DA:26,4
DA:27,4
DA:28,1
DA:32,3
DA:38,2
DA:39,2
DA:40,1
DA:44,18
DA:45,18
DA:58,0
LF:13
LH:12
BRDA:47,0,0,13
BRDA:47,0,1,5
BRF:2
BRH:2
end_of_record
TN:
SF:/Users/arram/code-challenges/rachio/app/ControlForm.js
FN:5,(anonymous_0)
FN:17,(anonymous_1)
FN:23,(anonymous_2)
FN:29,(anonymous_3)
FN:32,(anonymous_4)
FNF:5
FNH:4
FNDA:3,(anonymous_0)
FNDA:1,(anonymous_1)
FNDA:4,(anonymous_2)
FNDA:1,(anonymous_3)
FNDA:0,(anonymous_4)
DA:6,3
DA:7,3
DA:14,3
DA:18,1
DA:24,4
DA:29,1
DA:32,0
DA:43,4
LF:8
LH:7
BRF:0
BRH:0
end_of_record
TN:
SF:/Users/arram/code-challenges/rachio/app/Device.js
FN:8,(anonymous_0)
FN:19,(anonymous_1)
FN:28,(anonymous_2)
FN:44,(anonymous_3)
FN:45,(anonymous_4)
FN:49,(anonymous_5)
FN:54,(anonymous_6)
FN:57,(anonymous_7)
FN:58,(anonymous_8)
FN:63,(anonymous_9)
FN:74,(anonymous_10)
FN:76,(anonymous_11)
FN:82,(anonymous_12)
FNF:13
FNH:11
FNDA:7,(anonymous_0)
FNDA:2,(anonymous_1)
FNDA:4,(anonymous_2)
FNDA:1,(anonymous_3)
FNDA:0,(anonymous_4)
FNDA:0,(anonymous_5)
FNDA:2,(anonymous_6)
FNDA:2,(anonymous_7)
FNDA:1,(anonymous_8)
FNDA:1,(anonymous_9)
FNDA:8,(anonymous_10)
FNDA:16,(anonymous_11)
FNDA:18,(anonymous_12)
DA:9,7
DA:10,7
DA:15,7
DA:16,7
DA:20,2
DA:22,2
DA:23,0
DA:25,2
DA:27,2
DA:29,4
DA:36,2
DA:44,1
DA:46,0
DA:47,0
DA:49,0
DA:50,0
DA:54,2
DA:58,2
DA:59,1
DA:61,2
DA:62,1
DA:64,1
DA:68,1
DA:75,8
DA:77,16
DA:83,18
DA:105,3
LF:27
LH:22
BRDA:22,0,0,0
BRDA:22,0,1,2
BRDA:30,1,0,4
BRDA:30,1,1,4
BRDA:32,2,0,4
BRDA:32,2,1,4
BRDA:46,3,0,0
BRDA:46,3,1,0
BRDA:61,4,0,1
BRDA:61,4,1,1
BRDA:93,5,0,0
BRDA:93,5,1,18
BRDA:106,6,0,3
BRDA:106,6,1,0
BRF:14
BRH:9
end_of_record
TN:
SF:/Users/arram/code-challenges/rachio/app/DevicesContainer.js
FN:6,(anonymous_0)
FN:9,(anonymous_1)
FN:12,(anonymous_2)
FN:19,(anonymous_3)
FNF:4
FNH:2
FNDA:1,(anonymous_0)
FNDA:2,(anonymous_1)
FNDA:0,(anonymous_2)
FNDA:0,(anonymous_3)
DA:6,2
DA:7,1
DA:10,2
DA:13,0
DA:20,0
DA:38,2
LF:6
LH:4
BRF:0
BRH:0
end_of_record
TN:
SF:/Users/arram/code-challenges/rachio/app/Zone.js
FN:6,(anonymous_0)
FN:22,(anonymous_1)
FN:30,(anonymous_2)
FN:36,(anonymous_3)
FN:44,(anonymous_4)
FN:46,(anonymous_5)
FN:51,(anonymous_6)
FN:56,(anonymous_7)
FN:70,(anonymous_8)
FN:71,(anonymous_9)
FN:72,(anonymous_10)
FN:73,(anonymous_11)
FN:76,(anonymous_12)
FNF:13
FNH:12
FNDA:13,(anonymous_0)
FNDA:6,(anonymous_1)
FNDA:3,(anonymous_2)
FNDA:5,(anonymous_3)
FNDA:11,(anonymous_4)
FNDA:0,(anonymous_5)
FNDA:1,(anonymous_6)
FNDA:3,(anonymous_7)
FNDA:2,(anonymous_8)
FNDA:2,(anonymous_9)
FNDA:2,(anonymous_10)
FNDA:1,(anonymous_11)
FNDA:29,(anonymous_12)
DA:7,13
DA:8,13
DA:14,13
DA:15,13
DA:16,13
DA:17,13
DA:18,13
DA:19,13
DA:23,6
DA:24,0
DA:26,6
DA:31,3
DA:37,5
DA:38,0
DA:40,5
DA:45,11
DA:46,11
DA:47,0
DA:52,1
DA:53,1
DA:57,3
DA:58,3
DA:62,3
DA:70,2
DA:71,2
DA:72,2
DA:73,1
DA:77,29
DA:129,5
LF:29
LH:26
BRDA:23,0,0,0
BRDA:23,0,1,6
BRDA:37,1,0,0
BRDA:37,1,1,5
BRDA:52,2,0,1
BRDA:52,2,1,0
BRDA:80,3,0,0
BRDA:80,3,1,29
BRDA:83,4,0,1
BRDA:83,4,1,28
BRDA:93,5,0,0
BRDA:93,5,1,29
BRDA:99,6,0,1
BRDA:99,6,1,28
BRDA:103,7,0,0
BRDA:103,7,1,29
BRDA:110,8,0,13
BRDA:110,8,1,16
BRDA:111,9,0,0
BRDA:111,9,1,29
BRDA:111,10,0,29
BRDA:111,10,1,1
BRF:22
BRH:15
end_of_record
TN:
SF:/Users/arram/code-challenges/rachio/app/ZonesContainer.js
FN:5,(anonymous_0)
FN:8,(anonymous_1)
FNF:2
FNH:2
FNDA:1,(anonymous_0)
FNDA:2,(anonymous_1)
DA:5,4
DA:6,1
DA:9,2
DA:26,4
LF:4
LH:4
BRF:0
BRH:0
end_of_record
