TN:
SF:/Users/arram/code-challenges/rachio/APIkey.js
FNF:0
FNH:0
DA:1,5
LF:1
LH:1
BRF:0
BRH:0
end_of_record
TN:
SF:/Users/arram/code-challenges/rachio/__test__/setup/setupEnzyme.js
FNF:0
FNH:0
DA:4,6
LF:1
LH:1
BRF:0
BRH:0
end_of_record
TN:
SF:/Users/arram/code-challenges/rachio/app/App.js
FN:10,(anonymous_0)
FN:19,(anonymous_1)
FN:26,(anonymous_2)
FN:27,(anonymous_3)
FN:28,(anonymous_4)
FN:31,(anonymous_5)
FN:38,(anonymous_6)
FN:39,(anonymous_7)
FN:40,(anonymous_8)
FN:43,(anonymous_9)
FN:57,(anonymous_10)
FNF:11
FNH:10
FNDA:11,(anonymous_0)
FNDA:5,(anonymous_1)
FNDA:4,(anonymous_2)
FNDA:4,(anonymous_3)
FNDA:1,(anonymous_4)
FNDA:3,(anonymous_5)
FNDA:2,(anonymous_6)
FNDA:2,(anonymous_7)
FNDA:1,(anonymous_8)
FNDA:18,(anonymous_9)
FNDA:0,(anonymous_10)
DA:11,11
DA:12,11
DA:20,5
DA:26,4
DA:27,4
DA:28,1
DA:32,3
DA:38,2
DA:39,2
DA:40,1
DA:44,18
DA:45,18
DA:58,0
LF:13
LH:12
BRDA:47,0,0,13
BRDA:47,0,1,5
BRF:2
BRH:2
end_of_record
TN:
SF:/Users/arram/code-challenges/rachio/app/ControlForm.js
FN:5,(anonymous_0)
FN:17,(anonymous_1)
FN:23,(anonymous_2)
FN:29,(anonymous_3)
FN:32,(anonymous_4)
FNF:5
FNH:4
FNDA:3,(anonymous_0)
FNDA:1,(anonymous_1)
FNDA:4,(anonymous_2)
FNDA:1,(anonymous_3)
FNDA:0,(anonymous_4)
DA:6,3
DA:7,3
DA:14,3
DA:18,1
DA:24,4
DA:29,1
DA:32,0
DA:43,4
LF:8
LH:7
BRF:0
BRH:0
end_of_record
TN:
SF:/Users/arram/code-challenges/rachio/app/Device.js
FN:8,(anonymous_0)
FN:21,(anonymous_1)
FN:30,(anonymous_2)
FN:46,(anonymous_3)
FN:47,(anonymous_4)
FN:55,(anonymous_5)
FN:59,(anonymous_6)
FN:62,(anonymous_7)
FN:63,(anonymous_8)
FN:68,(anonymous_9)
FN:79,(anonymous_10)
FN:80,(anonymous_11)
FN:89,(anonymous_12)
FN:91,(anonymous_13)
FN:97,(anonymous_14)
FNF:15
FNH:13
FNDA:8,(anonymous_0)
FNDA:2,(anonymous_1)
FNDA:4,(anonymous_2)
FNDA:1,(anonymous_3)
FNDA:0,(anonymous_4)
FNDA:0,(anonymous_5)
FNDA:2,(anonymous_6)
FNDA:2,(anonymous_7)
FNDA:1,(anonymous_8)
FNDA:1,(anonymous_9)
FNDA:1,(anonymous_10)
FNDA:2,(anonymous_11)
FNDA:9,(anonymous_12)
FNDA:18,(anonymous_13)
FNDA:24,(anonymous_14)
DA:9,8
DA:10,8
DA:16,8
DA:17,8
DA:18,8
DA:22,2
DA:24,2
DA:25,0
DA:27,2
DA:29,2
DA:31,4
DA:38,2
DA:46,1
DA:49,0
DA:50,0
DA:52,0
DA:54,0
DA:55,0
DA:56,0
DA:59,2
DA:63,2
DA:64,1
DA:66,2
DA:67,1
DA:69,1
DA:73,1
DA:80,1
DA:81,2
DA:82,1
DA:84,1
DA:86,1
DA:90,9
DA:92,18
DA:98,24
DA:121,3
LF:35
LH:28
BRDA:24,0,0,0
BRDA:24,0,1,2
BRDA:32,1,0,4
BRDA:32,1,1,4
BRDA:34,2,0,4
BRDA:34,2,1,4
BRDA:49,3,0,0
BRDA:49,3,1,0
BRDA:66,4,0,1
BRDA:66,4,1,1
BRDA:81,5,0,1
BRDA:81,5,1,1
BRDA:108,6,0,0
BRDA:108,6,1,24
BRDA:122,7,0,3
BRDA:122,7,1,0
BRF:16
BRH:11
end_of_record
TN:
SF:/Users/arram/code-challenges/rachio/app/DevicesContainer.js
FN:6,(anonymous_0)
FN:9,(anonymous_1)
FN:12,(anonymous_2)
FN:19,(anonymous_3)
FNF:4
FNH:2
FNDA:1,(anonymous_0)
FNDA:2,(anonymous_1)
FNDA:0,(anonymous_2)
FNDA:0,(anonymous_3)
DA:6,2
DA:7,1
DA:10,2
DA:13,0
DA:20,0
DA:38,2
LF:6
LH:4
BRF:0
BRH:0
end_of_record
TN:
SF:/Users/arram/code-challenges/rachio/app/Zone.js
FN:6,(anonymous_0)
FN:22,(anonymous_1)
FN:30,(anonymous_2)
FN:36,(anonymous_3)
FN:45,(anonymous_4)
FN:47,(anonymous_5)
FN:52,(anonymous_6)
FN:57,(anonymous_7)
FN:71,(anonymous_8)
FN:72,(anonymous_9)
FN:73,(anonymous_10)
FN:74,(anonymous_11)
FN:77,(anonymous_12)
FNF:13
FNH:12
FNDA:17,(anonymous_0)
FNDA:7,(anonymous_1)
FNDA:3,(anonymous_2)
FNDA:6,(anonymous_3)
FNDA:2,(anonymous_4)
FNDA:0,(anonymous_5)
FNDA:3,(anonymous_6)
FNDA:3,(anonymous_7)
FNDA:2,(anonymous_8)
FNDA:2,(anonymous_9)
FNDA:2,(anonymous_10)
FNDA:1,(anonymous_11)
FNDA:35,(anonymous_12)
DA:7,17
DA:8,17
DA:14,17
DA:15,17
DA:16,17
DA:17,17
DA:18,17
DA:19,17
DA:23,7
DA:24,6
DA:26,1
DA:31,3
DA:37,6
DA:38,5
DA:39,5
DA:41,1
DA:46,2
DA:47,2
DA:48,0
DA:53,3
DA:54,3
DA:58,3
DA:59,3
DA:63,3
DA:71,2
DA:72,2
DA:73,2
DA:74,1
DA:78,35
DA:130,5
LF:30
LH:29
BRDA:23,0,0,6
BRDA:23,0,1,1
BRDA:37,1,0,5
BRDA:37,1,1,1
BRDA:53,2,0,3
BRDA:53,2,1,0
BRDA:81,3,0,31
BRDA:81,3,1,4
BRDA:84,4,0,4
BRDA:84,4,1,31
BRDA:94,5,0,6
BRDA:94,5,1,29
BRDA:100,6,0,4
BRDA:100,6,1,31
BRDA:104,7,0,6
BRDA:104,7,1,29
BRDA:111,8,0,3
BRDA:111,8,1,32
BRDA:112,9,0,4
BRDA:112,9,1,31
BRDA:112,10,0,35
BRDA:112,10,1,4
BRF:22
BRH:21
end_of_record
TN:
SF:/Users/arram/code-challenges/rachio/app/ZonesContainer.js
FN:5,(anonymous_0)
FN:8,(anonymous_1)
FNF:2
FNH:2
FNDA:1,(anonymous_0)
FNDA:2,(anonymous_1)
DA:5,4
DA:6,1
DA:9,2
DA:27,4
LF:4
LH:4
BRF:0
BRH:0
end_of_record
